Arguments: 
  C:\Program Files\nodejs\node.exe C:\Users\Ben\AppData\Roaming\npm\node_modules\yarn\bin\yarn.js add tailwindcss

PATH: 
  C:\Users\Ben\bin;C:\Program Files\Git\mingw64\bin;C:\Program Files\Git\usr\local\bin;C:\Program Files\Git\usr\bin;C:\Program Files\Git\usr\bin;C:\Program Files\Git\mingw64\bin;C:\Program Files\Git\usr\bin;C:\Users\Ben\bin;C:\Python38-32\Scripts;C:\Python38-32;C:\Program Files (x86)\Intel\iCLS Client;C:\Program Files\Intel\iCLS Client;C:\Program Files (x86)\Common Files\Oracle\Java\javapath;C:\ProgramData\Oracle\Java\javapath;C:\Program Files\Broadcom\Broadcom 802.11 Network Adapter\Driver;C:\WINDOWS\system32;C:\WINDOWS;C:\WINDOWS\System32\Wbem;C:\WINDOWS\System32\WindowsPowerShell\v1.0;C:\Program Files\Java\jdk1.8.0_171\bin;C:\Program Files\Microsoft VS Code\bin;C:\Program Files (x86)\Intel\Intel(R) Management Engine Components\DAL;C:\Program Files\Intel\Intel(R) Management Engine Components\DAL;C:\Program Files (x86)\Intel\Intel(R) Management Engine Components\IPT;C:\Program Files\Intel\Intel(R) Management Engine Components\IPT;C:\Program Files\Git\cmd;C:\Program Files\Git\mingw64\bin;C:\Program Files\Git\usr\bin;C:\WINDOWS\System32\OpenSSH;C:\Program Files\Docker\Docker\resources\bin;C:\ProgramData\DockerDesktop\version-bin;C:\Program Files\PuTTY;C:\Program Files\dotnet;C:\hla;C:\hla;C:\Program Files\nodejs;C:\ProgramData\chocolatey\bin;C:\Python38-32\Scripts;C:\Python38-32;C:\Python36-32\Project ( PROGRAMS )\Python;C:\Users\Ben\example1;C:\Python27;C:\Pytjon27\Scripts;C:\python\Python\Scripts;C:\Python38-32\Lib;C:\Python32\Tools\Scripts;C:\Program Files\Microsoft VS Code\Code.exe;C:\Program Files (x86)\Java\jre1.8.0_151;C:\Sublime Text3;C:\Users\Ben\AppData\Local\Google\Cloud SDK\google-cloud-sdk\bin;C:\Program Files\Microsoft VS Code\bin;C:\Program Files\MongoDB\Server\4.0\bin;C:\Program Files\heroku\bin;C:\MinGW\bin;C:\Program Files\PostgreSQL\11\bin;C:\Program Files\PostgreSQL\11\lib;C:\Users\Ben\AppData\Local\Microsoft\WindowsApps;C:\Installers\Flutter\flutter\bin;C:\Users\Ben\AppData\Local\atom\bin;C:\Users\Ben\AppData\Roaming\npm;C:\Users\Ben\.dotnet\tools;C:\Program Files\Git\usr\bin\vendor_perl;C:\Program Files\Git\usr\bin\core_perl

Yarn version: 
  1.22.10

Node version: 
  14.16.0

Platform: 
  win32 x64

Trace: 
  Error: https://registry.yarnpkg.com/date-fns/-/date-fns-2.25.0.tgz: ESOCKETTIMEDOUT
      at ClientRequest.<anonymous> (C:\Users\Ben\AppData\Roaming\npm\node_modules\yarn\lib\cli.js:141289:19)
      at Object.onceWrapper (events.js:421:28)
      at ClientRequest.emit (events.js:315:20)
      at TLSSocket.emitRequestTimeout (_http_client.js:784:9)
      at Object.onceWrapper (events.js:421:28)
      at TLSSocket.emit (events.js:327:22)
      at TLSSocket.Socket._onTimeout (net.js:483:8)
      at listOnTimeout (internal/timers.js:554:17)
      at processTimers (internal/timers.js:497:7)

npm manifest: 
  {
    "name": "arck-digital",
    "version": "1.0.0",
    "private": true,
    "description": "ArckDigital",
    "author": "Kegan Overberg",
    "keywords": [
      "gatsby"
    ],
    "scripts": {
      "develop": "gatsby develop",
      "start": "gatsby develop",
      "build": "gatsby build",
      "serve": "gatsby serve",
      "clean": "gatsby clean"
    },
    "dependencies": {
      "gatsby": "^3.14.2",
      "gatsby-plugin-google-analytics": "^3.14.0",
      "gatsby-plugin-image": "^1.14.1",
      "gatsby-plugin-react-helmet": "^4.14.0",
      "gatsby-plugin-sharp": "^3.14.1",
      "gatsby-plugin-sitemap": "^4.10.0",
      "gatsby-source-filesystem": "^3.14.0",
      "gatsby-transformer-sharp": "^3.14.0",
      "react": "^17.0.1",
      "react-dom": "^17.0.1",
      "react-helmet": "^6.1.0"
    }
  }

yarn manifest: 
  No manifest

Lockfile: 
  No lockfile
